This file contains any messages produced by compilers while
running configure, to aid debugging if configure makes a mistake.

It was created by configure, which was
generated by GNU Autoconf 2.69.  Invocation command line was

  $ ./configure 

## --------- ##
## Platform. ##
## --------- ##

hostname = myles-VirtualBox
uname -m = x86_64
uname -r = 5.3.0-28-generic
uname -s = Linux
uname -v = #30~18.04.1-Ubuntu SMP Fri Jan 17 06:14:09 UTC 2020

/usr/bin/uname -p = unknown
/bin/uname -X     = unknown

/bin/arch              = unknown
/usr/bin/arch -k       = unknown
/usr/convex/getsysinfo = unknown
/usr/bin/hostinfo      = unknown
/bin/machine           = unknown
/usr/bin/oslevel       = unknown
/bin/universe          = unknown

PATH: /usr/local/sbin
PATH: /usr/local/bin
PATH: /usr/sbin
PATH: /usr/bin
PATH: /sbin
PATH: /bin
PATH: /usr/games
PATH: /usr/local/games
PATH: /snap/bin


## ----------- ##
## Core tests. ##
## ----------- ##

configure:2511: checking build system type
configure:2525: result: x86_64-pc-linux-gnu
configure:2545: checking host system type
configure:2558: result: x86_64-pc-linux-gnu
configure:2635: checking for gcc
configure:2651: found /usr/bin/gcc
configure:2662: result: gcc
configure:2891: checking for C compiler version
configure:2900: gcc --version >&5
gcc (Ubuntu 7.4.0-1ubuntu1~18.04.1) 7.4.0
Copyright (C) 2017 Free Software Foundation, Inc.
This is free software; see the source for copying conditions.  There is NO
warranty; not even for MERCHANTABILITY or FITNESS FOR A PARTICULAR PURPOSE.

configure:2911: $? = 0
configure:2900: gcc -v >&5
Using built-in specs.
COLLECT_GCC=gcc
COLLECT_LTO_WRAPPER=/usr/lib/gcc/x86_64-linux-gnu/7/lto-wrapper
OFFLOAD_TARGET_NAMES=nvptx-none
OFFLOAD_TARGET_DEFAULT=1
Target: x86_64-linux-gnu
Configured with: ../src/configure -v --with-pkgversion='Ubuntu 7.4.0-1ubuntu1~18.04.1' --with-bugurl=file:///usr/share/doc/gcc-7/README.Bugs --enable-languages=c,ada,c++,go,brig,d,fortran,objc,obj-c++ --prefix=/usr --with-gcc-major-version-only --program-suffix=-7 --program-prefix=x86_64-linux-gnu- --enable-shared --enable-linker-build-id --libexecdir=/usr/lib --without-included-gettext --enable-threads=posix --libdir=/usr/lib --enable-nls --with-sysroot=/ --enable-clocale=gnu --enable-libstdcxx-debug --enable-libstdcxx-time=yes --with-default-libstdcxx-abi=new --enable-gnu-unique-object --disable-vtable-verify --enable-libmpx --enable-plugin --enable-default-pie --with-system-zlib --with-target-system-zlib --enable-objc-gc=auto --enable-multiarch --disable-werror --with-arch-32=i686 --with-abi=m64 --with-multilib-list=m32,m64,mx32 --enable-multilib --with-tune=generic --enable-offload-targets=nvptx-none --without-cuda-driver --enable-checking=release --build=x86_64-linux-gnu --host=x86_64-linux-gnu --target=x86_64-linux-gnu
Thread model: posix
gcc version 7.4.0 (Ubuntu 7.4.0-1ubuntu1~18.04.1) 
configure:2911: $? = 0
configure:2900: gcc -V >&5
gcc: error: unrecognized command line option '-V'
gcc: fatal error: no input files
compilation terminated.
configure:2911: $? = 1
configure:2900: gcc -qversion >&5
gcc: error: unrecognized command line option '-qversion'; did you mean '--version'?
gcc: fatal error: no input files
compilation terminated.
configure:2911: $? = 1
configure:2931: checking whether the C compiler works
configure:2953: gcc    conftest.c  >&5
configure:2957: $? = 0
configure:3005: result: yes
configure:3008: checking for C compiler default output file name
configure:3010: result: a.out
configure:3016: checking for suffix of executables
configure:3023: gcc -o conftest    conftest.c  >&5
configure:3027: $? = 0
configure:3049: result: 
configure:3071: checking whether we are cross compiling
configure:3079: gcc -o conftest    conftest.c  >&5
configure:3083: $? = 0
configure:3090: ./conftest
configure:3094: $? = 0
configure:3109: result: no
configure:3114: checking for suffix of object files
configure:3136: gcc -c   conftest.c >&5
configure:3140: $? = 0
configure:3161: result: o
configure:3165: checking whether we are using the GNU C compiler
configure:3184: gcc -c   conftest.c >&5
configure:3184: $? = 0
configure:3193: result: yes
configure:3202: checking whether gcc accepts -g
configure:3222: gcc -c -g  conftest.c >&5
configure:3222: $? = 0
configure:3263: result: yes
configure:3280: checking for gcc option to accept ISO C89
configure:3343: gcc  -c   conftest.c >&5
configure:3343: $? = 0
configure:3356: result: none needed
configure:3434: checking for g++
configure:3450: found /usr/bin/g++
configure:3461: result: g++
configure:3488: checking for C++ compiler version
configure:3497: g++ --version >&5
g++ (Ubuntu 7.4.0-1ubuntu1~18.04.1) 7.4.0
Copyright (C) 2017 Free Software Foundation, Inc.
This is free software; see the source for copying conditions.  There is NO
warranty; not even for MERCHANTABILITY or FITNESS FOR A PARTICULAR PURPOSE.

configure:3508: $? = 0
configure:3497: g++ -v >&5
Using built-in specs.
COLLECT_GCC=g++
COLLECT_LTO_WRAPPER=/usr/lib/gcc/x86_64-linux-gnu/7/lto-wrapper
OFFLOAD_TARGET_NAMES=nvptx-none
OFFLOAD_TARGET_DEFAULT=1
Target: x86_64-linux-gnu
Configured with: ../src/configure -v --with-pkgversion='Ubuntu 7.4.0-1ubuntu1~18.04.1' --with-bugurl=file:///usr/share/doc/gcc-7/README.Bugs --enable-languages=c,ada,c++,go,brig,d,fortran,objc,obj-c++ --prefix=/usr --with-gcc-major-version-only --program-suffix=-7 --program-prefix=x86_64-linux-gnu- --enable-shared --enable-linker-build-id --libexecdir=/usr/lib --without-included-gettext --enable-threads=posix --libdir=/usr/lib --enable-nls --with-sysroot=/ --enable-clocale=gnu --enable-libstdcxx-debug --enable-libstdcxx-time=yes --with-default-libstdcxx-abi=new --enable-gnu-unique-object --disable-vtable-verify --enable-libmpx --enable-plugin --enable-default-pie --with-system-zlib --with-target-system-zlib --enable-objc-gc=auto --enable-multiarch --disable-werror --with-arch-32=i686 --with-abi=m64 --with-multilib-list=m32,m64,mx32 --enable-multilib --with-tune=generic --enable-offload-targets=nvptx-none --without-cuda-driver --enable-checking=release --build=x86_64-linux-gnu --host=x86_64-linux-gnu --target=x86_64-linux-gnu
Thread model: posix
gcc version 7.4.0 (Ubuntu 7.4.0-1ubuntu1~18.04.1) 
configure:3508: $? = 0
configure:3497: g++ -V >&5
g++: error: unrecognized command line option '-V'
g++: fatal error: no input files
compilation terminated.
configure:3508: $? = 1
configure:3497: g++ -qversion >&5
g++: error: unrecognized command line option '-qversion'; did you mean '--version'?
g++: fatal error: no input files
compilation terminated.
configure:3508: $? = 1
configure:3512: checking whether we are using the GNU C++ compiler
configure:3531: g++ -c   conftest.cpp >&5
configure:3531: $? = 0
configure:3540: result: yes
configure:3549: checking whether g++ accepts -g
configure:3569: g++ -c -g  conftest.cpp >&5
configure:3569: $? = 0
configure:3610: result: yes
configure:4113: checking for a BSD-compatible install
configure:4181: result: /usr/bin/install -c
configure:4203: checking for nroff
configure:4221: found /usr/bin/nroff
configure:4233: result: /usr/bin/nroff
configure:4291: checking for doxygen
configure:4324: result: no
configure:4373: checking for ranlib
configure:4389: found /usr/bin/ranlib
configure:4400: result: ranlib
configure:4468: checking for ar
configure:4486: found /usr/bin/ar
configure:4498: result: /usr/bin/ar
configure:4579: checking for windres
configure:4612: result: no
configure:4638: checking how to run the C preprocessor
configure:4669: gcc -E  conftest.c
configure:4669: $? = 0
configure:4683: gcc -E  conftest.c
conftest.c:9:10: fatal error: ac_nonexistent.h: No such file or directory
 #include <ac_nonexistent.h>
          ^~~~~~~~~~~~~~~~~~
compilation terminated.
configure:4683: $? = 1
configure: failed program was:
| /* confdefs.h */
| #define PACKAGE_NAME ""
| #define PACKAGE_TARNAME ""
| #define PACKAGE_VERSION ""
| #define PACKAGE_STRING ""
| #define PACKAGE_BUGREPORT ""
| #define PACKAGE_URL ""
| /* end confdefs.h.  */
| #include <ac_nonexistent.h>
configure:4708: result: gcc -E
configure:4728: gcc -E  conftest.c
configure:4728: $? = 0
configure:4742: gcc -E  conftest.c
conftest.c:9:10: fatal error: ac_nonexistent.h: No such file or directory
 #include <ac_nonexistent.h>
          ^~~~~~~~~~~~~~~~~~
compilation terminated.
configure:4742: $? = 1
configure: failed program was:
| /* confdefs.h */
| #define PACKAGE_NAME ""
| #define PACKAGE_TARNAME ""
| #define PACKAGE_VERSION ""
| #define PACKAGE_STRING ""
| #define PACKAGE_BUGREPORT ""
| #define PACKAGE_URL ""
| /* end confdefs.h.  */
| #include <ac_nonexistent.h>
configure:4771: checking for grep that handles long lines and -e
configure:4829: result: /bin/grep
configure:4834: checking for egrep
configure:4896: result: /bin/grep -E
configure:4901: checking for ANSI C header files
configure:4921: gcc -c   conftest.c >&5
configure:4921: $? = 0
configure:4994: gcc -o conftest    conftest.c  >&5
configure:4994: $? = 0
configure:4994: ./conftest
configure:4994: $? = 0
configure:5005: result: yes
configure:5018: checking for sys/types.h
configure:5018: gcc -c   conftest.c >&5
configure:5018: $? = 0
configure:5018: result: yes
configure:5018: checking for sys/stat.h
configure:5018: gcc -c   conftest.c >&5
configure:5018: $? = 0
configure:5018: result: yes
configure:5018: checking for stdlib.h
configure:5018: gcc -c   conftest.c >&5
configure:5018: $? = 0
configure:5018: result: yes
configure:5018: checking for string.h
configure:5018: gcc -c   conftest.c >&5
configure:5018: $? = 0
configure:5018: result: yes
configure:5018: checking for memory.h
configure:5018: gcc -c   conftest.c >&5
configure:5018: $? = 0
configure:5018: result: yes
configure:5018: checking for strings.h
configure:5018: gcc -c   conftest.c >&5
configure:5018: $? = 0
configure:5018: result: yes
configure:5018: checking for inttypes.h
configure:5018: gcc -c   conftest.c >&5
configure:5018: $? = 0
configure:5018: result: yes
configure:5018: checking for stdint.h
configure:5018: gcc -c   conftest.c >&5
configure:5018: $? = 0
configure:5018: result: yes
configure:5018: checking for unistd.h
configure:5018: gcc -c   conftest.c >&5
configure:5018: $? = 0
configure:5018: result: yes
configure:5034: checking size of short
configure:5039: gcc -o conftest    conftest.c  >&5
configure:5039: $? = 0
configure:5039: ./conftest
configure:5039: $? = 0
configure:5053: result: 2
configure:5067: checking size of int
configure:5072: gcc -o conftest    conftest.c  >&5
configure:5072: $? = 0
configure:5072: ./conftest
configure:5072: $? = 0
configure:5086: result: 4
configure:5100: checking size of long
configure:5105: gcc -o conftest    conftest.c  >&5
configure:5105: $? = 0
configure:5105: ./conftest
configure:5105: $? = 0
configure:5119: result: 8
configure:5146: checking whether byte ordering is bigendian
configure:5161: gcc -c   conftest.c >&5
conftest.c:25:9: error: unknown type name 'not'
         not a universal capable compiler
         ^~~
conftest.c:25:15: error: expected '=', ',', ';', 'asm' or '__attribute__' before 'universal'
         not a universal capable compiler
               ^~~~~~~~~
conftest.c:25:15: error: unknown type name 'universal'
configure:5161: $? = 1
configure: failed program was:
| /* confdefs.h */
| #define PACKAGE_NAME ""
| #define PACKAGE_TARNAME ""
| #define PACKAGE_VERSION ""
| #define PACKAGE_STRING ""
| #define PACKAGE_BUGREPORT ""
| #define PACKAGE_URL ""
| #define STDC_HEADERS 1
| #define HAVE_SYS_TYPES_H 1
| #define HAVE_SYS_STAT_H 1
| #define HAVE_STDLIB_H 1
| #define HAVE_STRING_H 1
| #define HAVE_MEMORY_H 1
| #define HAVE_STRINGS_H 1
| #define HAVE_INTTYPES_H 1
| #define HAVE_STDINT_H 1
| #define HAVE_UNISTD_H 1
| #define SIZEOF_SHORT 2
| #define SIZEOF_INT 4
| #define SIZEOF_LONG 8
| #define U16 unsigned short
| #define U32 unsigned
| /* end confdefs.h.  */
| #ifndef __APPLE_CC__
| 	       not a universal capable compiler
| 	     #endif
| 	     typedef int dummy;
| 
configure:5206: gcc -c   conftest.c >&5
configure:5206: $? = 0
configure:5224: gcc -c   conftest.c >&5
conftest.c: In function 'main':
conftest.c:31:4: error: unknown type name 'not'; did you mean 'ino_t'?
    not big endian
    ^~~
    ino_t
conftest.c:31:12: error: expected '=', ',', ';', 'asm' or '__attribute__' before 'endian'
    not big endian
            ^~~~~~
configure:5224: $? = 1
configure: failed program was:
| /* confdefs.h */
| #define PACKAGE_NAME ""
| #define PACKAGE_TARNAME ""
| #define PACKAGE_VERSION ""
| #define PACKAGE_STRING ""
| #define PACKAGE_BUGREPORT ""
| #define PACKAGE_URL ""
| #define STDC_HEADERS 1
| #define HAVE_SYS_TYPES_H 1
| #define HAVE_SYS_STAT_H 1
| #define HAVE_STDLIB_H 1
| #define HAVE_STRING_H 1
| #define HAVE_MEMORY_H 1
| #define HAVE_STRINGS_H 1
| #define HAVE_INTTYPES_H 1
| #define HAVE_STDINT_H 1
| #define HAVE_UNISTD_H 1
| #define SIZEOF_SHORT 2
| #define SIZEOF_INT 4
| #define SIZEOF_LONG 8
| #define U16 unsigned short
| #define U32 unsigned
| /* end confdefs.h.  */
| #include <sys/types.h>
| 		#include <sys/param.h>
| 
| int
| main ()
| {
| #if BYTE_ORDER != BIG_ENDIAN
| 		 not big endian
| 		#endif
| 
|   ;
|   return 0;
| }
configure:5352: result: no
configure:5383: checking whether the compiler recognizes bool as a built-in type
configure:5413: g++ -c   conftest.cpp >&5
configure:5413: $? = 0
configure:5427: result: yes
configure:5437: checking for dirent.h that defines DIR
configure:5456: gcc -c   conftest.c >&5
configure:5456: $? = 0
configure:5464: result: yes
configure:5477: checking for library containing opendir
configure:5508: gcc -o conftest    conftest.c  >&5
configure:5508: $? = 0
configure:5525: result: none required
configure:5595: checking sys/select.h usability
configure:5595: gcc -c   conftest.c >&5
configure:5595: $? = 0
configure:5595: result: yes
configure:5595: checking sys/select.h presence
configure:5595: gcc -E  conftest.c
configure:5595: $? = 0
configure:5595: result: yes
configure:5595: checking for sys/select.h
configure:5595: result: yes
configure:5595: checking sys/stdtypes.h usability
configure:5595: gcc -c   conftest.c >&5
conftest.c:60:10: fatal error: sys/stdtypes.h: No such file or directory
 #include <sys/stdtypes.h>
          ^~~~~~~~~~~~~~~~
compilation terminated.
configure:5595: $? = 1
configure: failed program was:
| /* confdefs.h */
| #define PACKAGE_NAME ""
| #define PACKAGE_TARNAME ""
| #define PACKAGE_VERSION ""
| #define PACKAGE_STRING ""
| #define PACKAGE_BUGREPORT ""
| #define PACKAGE_URL ""
| #define STDC_HEADERS 1
| #define HAVE_SYS_TYPES_H 1
| #define HAVE_SYS_STAT_H 1
| #define HAVE_STDLIB_H 1
| #define HAVE_STRING_H 1
| #define HAVE_MEMORY_H 1
| #define HAVE_STRINGS_H 1
| #define HAVE_INTTYPES_H 1
| #define HAVE_STDINT_H 1
| #define HAVE_UNISTD_H 1
| #define SIZEOF_SHORT 2
| #define SIZEOF_INT 4
| #define SIZEOF_LONG 8
| #define U16 unsigned short
| #define U32 unsigned
| #define U64 unsigned long
| #define HAVE_DIRENT_H 1
| #define HAVE_SYS_SELECT_H 1
| /* end confdefs.h.  */
| #include <stdio.h>
| #ifdef HAVE_SYS_TYPES_H
| # include <sys/types.h>
| #endif
| #ifdef HAVE_SYS_STAT_H
| # include <sys/stat.h>
| #endif
| #ifdef STDC_HEADERS
| # include <stdlib.h>
| # include <stddef.h>
| #else
| # ifdef HAVE_STDLIB_H
| #  include <stdlib.h>
| # endif
| #endif
| #ifdef HAVE_STRING_H
| # if !defined STDC_HEADERS && defined HAVE_MEMORY_H
| #  include <memory.h>
| # endif
| # include <string.h>
| #endif
| #ifdef HAVE_STRINGS_H
| # include <strings.h>
| #endif
| #ifdef HAVE_INTTYPES_H
| # include <inttypes.h>
| #endif
| #ifdef HAVE_STDINT_H
| # include <stdint.h>
| #endif
| #ifdef HAVE_UNISTD_H
| # include <unistd.h>
| #endif
| #include <sys/stdtypes.h>
configure:5595: result: no
configure:5595: checking sys/stdtypes.h presence
configure:5595: gcc -E  conftest.c
conftest.c:27:10: fatal error: sys/stdtypes.h: No such file or directory
 #include <sys/stdtypes.h>
          ^~~~~~~~~~~~~~~~
compilation terminated.
configure:5595: $? = 1
configure: failed program was:
| /* confdefs.h */
| #define PACKAGE_NAME ""
| #define PACKAGE_TARNAME ""
| #define PACKAGE_VERSION ""
| #define PACKAGE_STRING ""
| #define PACKAGE_BUGREPORT ""
| #define PACKAGE_URL ""
| #define STDC_HEADERS 1
| #define HAVE_SYS_TYPES_H 1
| #define HAVE_SYS_STAT_H 1
| #define HAVE_STDLIB_H 1
| #define HAVE_STRING_H 1
| #define HAVE_MEMORY_H 1
| #define HAVE_STRINGS_H 1
| #define HAVE_INTTYPES_H 1
| #define HAVE_STDINT_H 1
| #define HAVE_UNISTD_H 1
| #define SIZEOF_SHORT 2
| #define SIZEOF_INT 4
| #define SIZEOF_LONG 8
| #define U16 unsigned short
| #define U32 unsigned
| #define U64 unsigned long
| #define HAVE_DIRENT_H 1
| #define HAVE_SYS_SELECT_H 1
| /* end confdefs.h.  */
| #include <sys/stdtypes.h>
configure:5595: result: no
configure:5595: checking for sys/stdtypes.h
configure:5595: result: no
configure:5606: checking whether we have the POSIX compatible scandir() prototype
configure:5635: g++ -c   conftest.cpp >&5
configure:5635: $? = 0
configure:5649: result: yes
configure:5675: checking for vsnprintf
configure:5675: gcc -o conftest    conftest.c  >&5
conftest.c:52:6: warning: conflicting types for built-in function 'vsnprintf' [-Wbuiltin-declaration-mismatch]
 char vsnprintf ();
      ^~~~~~~~~
configure:5675: $? = 0
configure:5675: result: yes
configure:5694: checking for snprintf
configure:5694: gcc -o conftest    conftest.c  >&5
conftest.c:53:6: warning: conflicting types for built-in function 'snprintf' [-Wbuiltin-declaration-mismatch]
 char snprintf ();
      ^~~~~~~~
configure:5694: $? = 0
configure:5694: result: yes
configure:5715: checking for strings.h
configure:5715: result: yes
configure:5728: checking for strcasecmp
configure:5728: gcc -o conftest    conftest.c  >&5
conftest.c:55:6: warning: conflicting types for built-in function 'strcasecmp' [-Wbuiltin-declaration-mismatch]
 char strcasecmp ();
      ^~~~~~~~~~
configure:5728: $? = 0
configure:5728: result: yes
configure:5728: checking for strlcat
configure:5728: gcc -o conftest    conftest.c  >&5
/tmp/ccfu9bLm.o: In function `main':
conftest.c:(.text+0xa): undefined reference to `strlcat'
collect2: error: ld returned 1 exit status
configure:5728: $? = 1
configure: failed program was:
| /* confdefs.h */
| #define PACKAGE_NAME ""
| #define PACKAGE_TARNAME ""
| #define PACKAGE_VERSION ""
| #define PACKAGE_STRING ""
| #define PACKAGE_BUGREPORT ""
| #define PACKAGE_URL ""
| #define STDC_HEADERS 1
| #define HAVE_SYS_TYPES_H 1
| #define HAVE_SYS_STAT_H 1
| #define HAVE_STDLIB_H 1
| #define HAVE_STRING_H 1
| #define HAVE_MEMORY_H 1
| #define HAVE_STRINGS_H 1
| #define HAVE_INTTYPES_H 1
| #define HAVE_STDINT_H 1
| #define HAVE_UNISTD_H 1
| #define SIZEOF_SHORT 2
| #define SIZEOF_INT 4
| #define SIZEOF_LONG 8
| #define U16 unsigned short
| #define U32 unsigned
| #define U64 unsigned long
| #define HAVE_DIRENT_H 1
| #define HAVE_SYS_SELECT_H 1
| #define HAVE_SCANDIR 1
| #define HAVE_SCANDIR_POSIX 1
| #define HAVE_VSNPRINTF 1
| #define HAVE_SNPRINTF 1
| #define HAVE_STRINGS_H 1
| #define HAVE_STRCASECMP 1
| /* end confdefs.h.  */
| /* Define strlcat to an innocuous variant, in case <limits.h> declares strlcat.
|    For example, HP-UX 11i <limits.h> declares gettimeofday.  */
| #define strlcat innocuous_strlcat
| 
| /* System header to define __stub macros and hopefully few prototypes,
|     which can conflict with char strlcat (); below.
|     Prefer <limits.h> to <assert.h> if __STDC__ is defined, since
|     <limits.h> exists even on freestanding compilers.  */
| 
| #ifdef __STDC__
| # include <limits.h>
| #else
| # include <assert.h>
| #endif
| 
| #undef strlcat
| 
| /* Override any GCC internal prototype to avoid an error.
|    Use char because int might match the return type of a GCC
|    builtin and then its argument prototype would still apply.  */
| #ifdef __cplusplus
| extern "C"
| #endif
| char strlcat ();
| /* The GNU C library defines this for functions which it implements
|     to always fail with ENOSYS.  Some functions are actually named
|     something starting with __ and the normal name is an alias.  */
| #if defined __stub_strlcat || defined __stub___strlcat
| choke me
| #endif
| 
| int
| main ()
| {
| return strlcat ();
|   ;
|   return 0;
| }
configure:5728: result: no
configure:5728: checking for strlcpy
configure:5728: gcc -o conftest    conftest.c  >&5
/tmp/ccprGxos.o: In function `main':
conftest.c:(.text+0xa): undefined reference to `strlcpy'
collect2: error: ld returned 1 exit status
configure:5728: $? = 1
configure: failed program was:
| /* confdefs.h */
| #define PACKAGE_NAME ""
| #define PACKAGE_TARNAME ""
| #define PACKAGE_VERSION ""
| #define PACKAGE_STRING ""
| #define PACKAGE_BUGREPORT ""
| #define PACKAGE_URL ""
| #define STDC_HEADERS 1
| #define HAVE_SYS_TYPES_H 1
| #define HAVE_SYS_STAT_H 1
| #define HAVE_STDLIB_H 1
| #define HAVE_STRING_H 1
| #define HAVE_MEMORY_H 1
| #define HAVE_STRINGS_H 1
| #define HAVE_INTTYPES_H 1
| #define HAVE_STDINT_H 1
| #define HAVE_UNISTD_H 1
| #define SIZEOF_SHORT 2
| #define SIZEOF_INT 4
| #define SIZEOF_LONG 8
| #define U16 unsigned short
| #define U32 unsigned
| #define U64 unsigned long
| #define HAVE_DIRENT_H 1
| #define HAVE_SYS_SELECT_H 1
| #define HAVE_SCANDIR 1
| #define HAVE_SCANDIR_POSIX 1
| #define HAVE_VSNPRINTF 1
| #define HAVE_SNPRINTF 1
| #define HAVE_STRINGS_H 1
| #define HAVE_STRCASECMP 1
| /* end confdefs.h.  */
| /* Define strlcpy to an innocuous variant, in case <limits.h> declares strlcpy.
|    For example, HP-UX 11i <limits.h> declares gettimeofday.  */
| #define strlcpy innocuous_strlcpy
| 
| /* System header to define __stub macros and hopefully few prototypes,
|     which can conflict with char strlcpy (); below.
|     Prefer <limits.h> to <assert.h> if __STDC__ is defined, since
|     <limits.h> exists even on freestanding compilers.  */
| 
| #ifdef __STDC__
| # include <limits.h>
| #else
| # include <assert.h>
| #endif
| 
| #undef strlcpy
| 
| /* Override any GCC internal prototype to avoid an error.
|    Use char because int might match the return type of a GCC
|    builtin and then its argument prototype would still apply.  */
| #ifdef __cplusplus
| extern "C"
| #endif
| char strlcpy ();
| /* The GNU C library defines this for functions which it implements
|     to always fail with ENOSYS.  Some functions are actually named
|     something starting with __ and the normal name is an alias.  */
| #if defined __stub_strlcpy || defined __stub___strlcpy
| choke me
| #endif
| 
| int
| main ()
| {
| return strlcpy ();
|   ;
|   return 0;
| }
configure:5728: result: no
configure:5740: checking locale.h usability
configure:5740: gcc -c   conftest.c >&5
configure:5740: $? = 0
configure:5740: result: yes
configure:5740: checking locale.h presence
configure:5740: gcc -E  conftest.c
configure:5740: $? = 0
configure:5740: result: yes
configure:5740: checking for locale.h
configure:5740: result: yes
configure:5752: checking for localeconv
configure:5752: gcc -o conftest    conftest.c  >&5
configure:5752: $? = 0
configure:5752: result: yes
configure:5762: checking for library containing pow
configure:5793: gcc -o conftest    conftest.c  >&5
conftest.c:42:6: warning: conflicting types for built-in function 'pow' [-Wbuiltin-declaration-mismatch]
 char pow ();
      ^~~
/tmp/ccUkqDmv.o: In function `main':
conftest.c:(.text+0xa): undefined reference to `pow'
collect2: error: ld returned 1 exit status
configure:5793: $? = 1
configure: failed program was:
| /* confdefs.h */
| #define PACKAGE_NAME ""
| #define PACKAGE_TARNAME ""
| #define PACKAGE_VERSION ""
| #define PACKAGE_STRING ""
| #define PACKAGE_BUGREPORT ""
| #define PACKAGE_URL ""
| #define STDC_HEADERS 1
| #define HAVE_SYS_TYPES_H 1
| #define HAVE_SYS_STAT_H 1
| #define HAVE_STDLIB_H 1
| #define HAVE_STRING_H 1
| #define HAVE_MEMORY_H 1
| #define HAVE_STRINGS_H 1
| #define HAVE_INTTYPES_H 1
| #define HAVE_STDINT_H 1
| #define HAVE_UNISTD_H 1
| #define SIZEOF_SHORT 2
| #define SIZEOF_INT 4
| #define SIZEOF_LONG 8
| #define U16 unsigned short
| #define U32 unsigned
| #define U64 unsigned long
| #define HAVE_DIRENT_H 1
| #define HAVE_SYS_SELECT_H 1
| #define HAVE_SCANDIR 1
| #define HAVE_SCANDIR_POSIX 1
| #define HAVE_VSNPRINTF 1
| #define HAVE_SNPRINTF 1
| #define HAVE_STRINGS_H 1
| #define HAVE_STRCASECMP 1
| #define HAVE_LOCALE_H 1
| #define HAVE_LOCALECONV 1
| /* end confdefs.h.  */
| 
| /* Override any GCC internal prototype to avoid an error.
|    Use char because int might match the return type of a GCC
|    builtin and then its argument prototype would still apply.  */
| #ifdef __cplusplus
| extern "C"
| #endif
| char pow ();
| int
| main ()
| {
| return pow ();
|   ;
|   return 0;
| }
configure:5793: gcc -o conftest    conftest.c -lm   >&5
conftest.c:42:6: warning: conflicting types for built-in function 'pow' [-Wbuiltin-declaration-mismatch]
 char pow ();
      ^~~
configure:5793: $? = 0
configure:5810: result: -lm
configure:5826: checking for special C compiler options needed for large files
configure:5871: result: no
configure:5877: checking for _FILE_OFFSET_BITS value needed for large files
configure:5902: gcc -c   conftest.c >&5
configure:5902: $? = 0
configure:5934: result: no
configure:6034: checking for long long int
configure:6061: result: yes
configure:6069: checking for library containing dlsym
configure:6100: gcc -o conftest    conftest.c -lm  >&5
/tmp/ccge0XSE.o: In function `main':
conftest.c:(.text+0xa): undefined reference to `dlsym'
collect2: error: ld returned 1 exit status
configure:6100: $? = 1
configure: failed program was:
| /* confdefs.h */
| #define PACKAGE_NAME ""
| #define PACKAGE_TARNAME ""
| #define PACKAGE_VERSION ""
| #define PACKAGE_STRING ""
| #define PACKAGE_BUGREPORT ""
| #define PACKAGE_URL ""
| #define STDC_HEADERS 1
| #define HAVE_SYS_TYPES_H 1
| #define HAVE_SYS_STAT_H 1
| #define HAVE_STDLIB_H 1
| #define HAVE_STRING_H 1
| #define HAVE_MEMORY_H 1
| #define HAVE_STRINGS_H 1
| #define HAVE_INTTYPES_H 1
| #define HAVE_STDINT_H 1
| #define HAVE_UNISTD_H 1
| #define SIZEOF_SHORT 2
| #define SIZEOF_INT 4
| #define SIZEOF_LONG 8
| #define U16 unsigned short
| #define U32 unsigned
| #define U64 unsigned long
| #define HAVE_DIRENT_H 1
| #define HAVE_SYS_SELECT_H 1
| #define HAVE_SCANDIR 1
| #define HAVE_SCANDIR_POSIX 1
| #define HAVE_VSNPRINTF 1
| #define HAVE_SNPRINTF 1
| #define HAVE_STRINGS_H 1
| #define HAVE_STRCASECMP 1
| #define HAVE_LOCALE_H 1
| #define HAVE_LOCALECONV 1
| #define HAVE_LONG_LONG 1
| /* end confdefs.h.  */
| 
| /* Override any GCC internal prototype to avoid an error.
|    Use char because int might match the return type of a GCC
|    builtin and then its argument prototype would still apply.  */
| #ifdef __cplusplus
| extern "C"
| #endif
| char dlsym ();
| int
| main ()
| {
| return dlsym ();
|   ;
|   return 0;
| }
configure:6100: gcc -o conftest    conftest.c -ldl  -lm  >&5
configure:6100: $? = 0
configure:6117: result: -ldl
configure:6126: checking dlfcn.h usability
configure:6126: gcc -c   conftest.c >&5
configure:6126: $? = 0
configure:6126: result: yes
configure:6126: checking dlfcn.h presence
configure:6126: gcc -E  conftest.c
configure:6126: $? = 0
configure:6126: result: yes
configure:6126: checking for dlfcn.h
configure:6126: result: yes
configure:6146: checking alsa/asoundlib.h usability
configure:6146: gcc -c   conftest.c >&5
configure:6146: $? = 0
configure:6146: result: yes
configure:6146: checking alsa/asoundlib.h presence
configure:6146: gcc -E  conftest.c
configure:6146: $? = 0
configure:6146: result: yes
configure:6146: checking for alsa/asoundlib.h
configure:6146: result: yes
configure:6178: checking for jpeg_CreateCompress in -ljpeg
configure:6203: gcc -o conftest    conftest.c -ljpeg  -ldl -lm  >&5
/usr/bin/ld: cannot find -ljpeg
collect2: error: ld returned 1 exit status
configure:6203: $? = 1
configure: failed program was:
| /* confdefs.h */
| #define PACKAGE_NAME ""
| #define PACKAGE_TARNAME ""
| #define PACKAGE_VERSION ""
| #define PACKAGE_STRING ""
| #define PACKAGE_BUGREPORT ""
| #define PACKAGE_URL ""
| #define STDC_HEADERS 1
| #define HAVE_SYS_TYPES_H 1
| #define HAVE_SYS_STAT_H 1
| #define HAVE_STDLIB_H 1
| #define HAVE_STRING_H 1
| #define HAVE_MEMORY_H 1
| #define HAVE_STRINGS_H 1
| #define HAVE_INTTYPES_H 1
| #define HAVE_STDINT_H 1
| #define HAVE_UNISTD_H 1
| #define SIZEOF_SHORT 2
| #define SIZEOF_INT 4
| #define SIZEOF_LONG 8
| #define U16 unsigned short
| #define U32 unsigned
| #define U64 unsigned long
| #define HAVE_DIRENT_H 1
| #define HAVE_SYS_SELECT_H 1
| #define HAVE_SCANDIR 1
| #define HAVE_SCANDIR_POSIX 1
| #define HAVE_VSNPRINTF 1
| #define HAVE_SNPRINTF 1
| #define HAVE_STRINGS_H 1
| #define HAVE_STRCASECMP 1
| #define HAVE_LOCALE_H 1
| #define HAVE_LOCALECONV 1
| #define HAVE_LONG_LONG 1
| #define HAVE_DLSYM 1
| #define HAVE_DLFCN_H 1
| #define HAVE_ALSA_ASOUNDLIB_H 1
| /* end confdefs.h.  */
| 
| /* Override any GCC internal prototype to avoid an error.
|    Use char because int might match the return type of a GCC
|    builtin and then its argument prototype would still apply.  */
| #ifdef __cplusplus
| extern "C"
| #endif
| char jpeg_CreateCompress ();
| int
| main ()
| {
| return jpeg_CreateCompress ();
|   ;
|   return 0;
| }
configure:6212: result: no
configure:6262: checking for gzgets in -lz
configure:6287: gcc -o conftest    conftest.c -lz  -ldl -lm  >&5
configure:6287: $? = 0
configure:6296: result: yes
configure:6299: checking zlib.h usability
configure:6299: gcc -c   conftest.c >&5
configure:6299: $? = 0
configure:6299: result: yes
configure:6299: checking zlib.h presence
configure:6299: gcc -E  conftest.c
configure:6299: $? = 0
configure:6299: result: yes
configure:6299: checking for zlib.h
configure:6299: result: yes
configure:6350: checking for png_read_info in -lpng
configure:6375: gcc -o conftest    conftest.c -lpng  -lz -ldl -lm  >&5
configure:6375: $? = 0
configure:6384: result: yes
configure:6387: checking png.h usability
configure:6387: gcc -c   conftest.c >&5
configure:6387: $? = 0
configure:6387: result: yes
configure:6387: checking png.h presence
configure:6387: gcc -E  conftest.c
configure:6387: $? = 0
configure:6387: result: yes
configure:6387: checking for png.h
configure:6387: result: yes
configure:6395: checking libpng/png.h usability
configure:6395: gcc -c   conftest.c >&5
configure:6395: $? = 0
configure:6395: result: yes
configure:6395: checking libpng/png.h presence
configure:6395: gcc -E  conftest.c
configure:6395: $? = 0
configure:6395: result: yes
configure:6395: checking for libpng/png.h
configure:6395: result: yes
configure:6436: checking for png_get_valid in -lpng
configure:6461: gcc -o conftest    conftest.c -lpng  -lz -ldl -lm  >&5
configure:6461: $? = 0
configure:6470: result: yes
configure:6477: checking for png_set_tRNS_to_alpha in -lpng
configure:6502: gcc -o conftest    conftest.c -lpng  -lz -ldl -lm  >&5
configure:6502: $? = 0
configure:6511: result: yes
configure:6551: checking pthread.h usability
configure:6551: gcc -c   conftest.c >&5
configure:6551: $? = 0
configure:6551: result: yes
configure:6551: checking pthread.h presence
configure:6551: gcc -E  conftest.c
configure:6551: $? = 0
configure:6551: result: yes
configure:6551: checking for pthread.h
configure:6551: result: yes
configure:6564: checking for pthread_create using -lpthreads
configure:6579: gcc -o conftest    conftest.c -lpthreads -ldl -lm  >&5
conftest.c: In function 'main':
conftest.c:51:1: warning: null argument where non-null required (argument 1) [-Wnonnull]
 pthread_create(0, 0, 0, 0);
 ^~~~~~~~~~~~~~
conftest.c:51:1: warning: null argument where non-null required (argument 3) [-Wnonnull]
/usr/bin/ld: cannot find -lpthreads
collect2: error: ld returned 1 exit status
configure:6579: $? = 1
configure: failed program was:
| /* confdefs.h */
| #define PACKAGE_NAME ""
| #define PACKAGE_TARNAME ""
| #define PACKAGE_VERSION ""
| #define PACKAGE_STRING ""
| #define PACKAGE_BUGREPORT ""
| #define PACKAGE_URL ""
| #define STDC_HEADERS 1
| #define HAVE_SYS_TYPES_H 1
| #define HAVE_SYS_STAT_H 1
| #define HAVE_STDLIB_H 1
| #define HAVE_STRING_H 1
| #define HAVE_MEMORY_H 1
| #define HAVE_STRINGS_H 1
| #define HAVE_INTTYPES_H 1
| #define HAVE_STDINT_H 1
| #define HAVE_UNISTD_H 1
| #define SIZEOF_SHORT 2
| #define SIZEOF_INT 4
| #define SIZEOF_LONG 8
| #define U16 unsigned short
| #define U32 unsigned
| #define U64 unsigned long
| #define HAVE_DIRENT_H 1
| #define HAVE_SYS_SELECT_H 1
| #define HAVE_SCANDIR 1
| #define HAVE_SCANDIR_POSIX 1
| #define HAVE_VSNPRINTF 1
| #define HAVE_SNPRINTF 1
| #define HAVE_STRINGS_H 1
| #define HAVE_STRCASECMP 1
| #define HAVE_LOCALE_H 1
| #define HAVE_LOCALECONV 1
| #define HAVE_LONG_LONG 1
| #define HAVE_DLSYM 1
| #define HAVE_DLFCN_H 1
| #define HAVE_ALSA_ASOUNDLIB_H 1
| #define HAVE_LIBJPEG 1
| #define HAVE_LIBZ 1
| #define HAVE_PNG_H 1
| #define HAVE_LIBPNG_PNG_H 1
| #define HAVE_LIBPNG 1
| #define HAVE_PNG_GET_VALID 1
| #define HAVE_PNG_SET_TRNS_TO_ALPHA 1
| #define HAVE_PTHREAD_H 1
| /* end confdefs.h.  */
| #include <pthread.h>
| int
| main ()
| {
| pthread_create(0, 0, 0, 0);
|   ;
|   return 0;
| }
configure:6586: result: no
configure:6564: checking for pthread_create using -lpthread
configure:6579: gcc -o conftest    conftest.c -lpthread -ldl -lm  >&5
conftest.c: In function 'main':
conftest.c:51:1: warning: null argument where non-null required (argument 1) [-Wnonnull]
 pthread_create(0, 0, 0, 0);
 ^~~~~~~~~~~~~~
conftest.c:51:1: warning: null argument where non-null required (argument 3) [-Wnonnull]
configure:6579: $? = 0
configure:6586: result: yes
configure:6728: checking for X
configure:6836: gcc -E  conftest.c
configure:6836: $? = 0
configure:6867: gcc -o conftest    conftest.c -lX11 -lpthread -ldl -lm  >&5
configure:6867: $? = 0
configure:6917: result: libraries , headers 
configure:7016: gcc -o conftest    conftest.c -lpthread -ldl -lm   -lX11 >&5
configure:7016: $? = 0
configure:7114: checking for gethostbyname
configure:7114: gcc -o conftest    conftest.c -lpthread -ldl -lm  >&5
configure:7114: $? = 0
configure:7114: result: yes
configure:7211: checking for connect
configure:7211: gcc -o conftest    conftest.c -lpthread -ldl -lm  >&5
configure:7211: $? = 0
configure:7211: result: yes
configure:7260: checking for remove
configure:7260: gcc -o conftest    conftest.c -lpthread -ldl -lm  >&5
configure:7260: $? = 0
configure:7260: result: yes
configure:7309: checking for shmat
configure:7309: gcc -o conftest    conftest.c -lpthread -ldl -lm  >&5
configure:7309: $? = 0
configure:7309: result: yes
configure:7367: checking for IceConnectionNumber in -lICE
configure:7392: gcc -o conftest    conftest.c -lICE  -lpthread -ldl -lm  >&5
configure:7392: $? = 0
configure:7401: result: yes
configure:7417: WARNING: Ignoring libraries " -lSM -lICE" requested by configure.
configure:7435: checking for library containing dlopen
configure:7466: gcc -o conftest      conftest.c -lpthread -ldl -lm  -lX11  >&5
configure:7466: $? = 0
configure:7483: result: none required
configure:7491: checking GL/gl.h usability
configure:7491: gcc -c    conftest.c >&5
configure:7491: $? = 0
configure:7491: result: yes
configure:7491: checking GL/gl.h presence
configure:7491: gcc -E  conftest.c
configure:7491: $? = 0
configure:7491: result: yes
configure:7491: checking for GL/gl.h
configure:7491: result: yes
configure:7493: checking for glXMakeCurrent in -lGL
configure:7518: gcc -o conftest      conftest.c -lGL -lm -lpthread -ldl -lm  -lX11  >&5
configure:7518: $? = 0
configure:7527: result: yes
configure:7578: checking for glXGetProcAddressARB in -lGL
configure:7603: gcc -o conftest      conftest.c -lGL -lm -lpthread -ldl -lm  -lX11  >&5
configure:7603: $? = 0
configure:7612: result: yes
configure:7623: checking GL/glu.h usability
configure:7623: gcc -c    conftest.c >&5
configure:7623: $? = 0
configure:7623: result: yes
configure:7623: checking GL/glu.h presence
configure:7623: gcc -E  conftest.c
configure:7623: $? = 0
configure:7623: result: yes
configure:7623: checking for GL/glu.h
configure:7623: result: yes
configure:7659: checking for XineramaIsActive in -lXinerama
configure:7684: gcc -o conftest      conftest.c -lXinerama  -lpthread -ldl -lm  -lX11  >&5
configure:7684: $? = 0
configure:7693: result: yes
configure:7715: checking for pkg-config
configure:7733: found /usr/bin/pkg-config
configure:7745: result: /usr/bin/pkg-config
configure:7815: checking for FcPatternCreate in -lfontconfig
configure:7840: gcc -o conftest -I/usr/include/freetype2 -I/usr/include/libpng16 -I/usr/include/freetype2 -I/usr/include/libpng16   -I/usr/include/freetype2 -I/usr/include/libpng16 -I/usr/include/freetype2 -I/usr/include/libpng16    conftest.c -lfontconfig  -lXinerama -lpthread -ldl -lm  -lX11  >&5
configure:7840: $? = 0
configure:7849: result: yes
configure:7860: checking X11/Xft/Xft.h usability
configure:7860: gcc -c -I/usr/include/freetype2 -I/usr/include/libpng16 -I/usr/include/freetype2 -I/usr/include/libpng16   -I/usr/include/freetype2 -I/usr/include/libpng16 -I/usr/include/freetype2 -I/usr/include/libpng16  conftest.c >&5
configure:7860: $? = 0
configure:7860: result: yes
configure:7860: checking X11/Xft/Xft.h presence
configure:7860: gcc -E -I/usr/include/freetype2 -I/usr/include/libpng16 -I/usr/include/freetype2 -I/usr/include/libpng16  conftest.c
configure:7860: $? = 0
configure:7860: result: yes
configure:7860: checking for X11/Xft/Xft.h
configure:7860: result: yes
configure:7862: checking for XftDrawCreate in -lXft
configure:7887: gcc -o conftest -I/usr/include/freetype2 -I/usr/include/libpng16 -I/usr/include/freetype2 -I/usr/include/libpng16   -I/usr/include/freetype2 -I/usr/include/libpng16 -I/usr/include/freetype2 -I/usr/include/libpng16    conftest.c -lXft  -lfontconfig -lXinerama -lpthread -ldl -lm  -lX11  >&5
configure:7887: $? = 0
configure:7896: result: yes
configure:7928: checking for X11/extensions/Xdbe.h
configure:7928: gcc -c -I/usr/include/freetype2 -I/usr/include/libpng16 -I/usr/include/freetype2 -I/usr/include/libpng16   -I/usr/include/freetype2 -I/usr/include/libpng16 -I/usr/include/freetype2 -I/usr/include/libpng16  conftest.c >&5
configure:7928: $? = 0
configure:7928: result: yes
configure:7931: checking for XdbeQueryExtension in -lXext
configure:7956: gcc -o conftest -I/usr/include/freetype2 -I/usr/include/libpng16 -I/usr/include/freetype2 -I/usr/include/libpng16   -I/usr/include/freetype2 -I/usr/include/libpng16 -I/usr/include/freetype2 -I/usr/include/libpng16    conftest.c -lXext  -lXft -lfontconfig -lXinerama -lpthread -ldl -lm  -lX11  >&5
configure:7956: $? = 0
configure:7965: result: yes
configure:7987: checking for X11/extensions/Xfixes.h
configure:7987: gcc -c -I/usr/include/freetype2 -I/usr/include/libpng16 -I/usr/include/freetype2 -I/usr/include/libpng16   -I/usr/include/freetype2 -I/usr/include/libpng16 -I/usr/include/freetype2 -I/usr/include/libpng16  conftest.c >&5
configure:7987: $? = 0
configure:7987: result: yes
configure:7990: checking for XFixesQueryExtension in -lXfixes
configure:8015: gcc -o conftest -I/usr/include/freetype2 -I/usr/include/libpng16 -I/usr/include/freetype2 -I/usr/include/libpng16   -I/usr/include/freetype2 -I/usr/include/libpng16 -I/usr/include/freetype2 -I/usr/include/libpng16    conftest.c -lXfixes  -lXext -lXft -lfontconfig -lXinerama -lpthread -ldl -lm  -lX11  >&5
configure:8015: $? = 0
configure:8024: result: yes
configure:8046: checking for X11/Xcursor/Xcursor.h
configure:8046: gcc -c -I/usr/include/freetype2 -I/usr/include/libpng16 -I/usr/include/freetype2 -I/usr/include/libpng16   -I/usr/include/freetype2 -I/usr/include/libpng16 -I/usr/include/freetype2 -I/usr/include/libpng16  conftest.c >&5
configure:8046: $? = 0
configure:8046: result: yes
configure:8049: checking for XcursorImageCreate in -lXcursor
configure:8074: gcc -o conftest -I/usr/include/freetype2 -I/usr/include/libpng16 -I/usr/include/freetype2 -I/usr/include/libpng16   -I/usr/include/freetype2 -I/usr/include/libpng16 -I/usr/include/freetype2 -I/usr/include/libpng16    conftest.c -lXcursor  -lXfixes -lXext -lXft -lfontconfig -lXinerama -lpthread -ldl -lm  -lX11  >&5
configure:8074: $? = 0
configure:8083: result: yes
configure:8105: checking for X11/extensions/Xrender.h
configure:8105: gcc -c -I/usr/include/freetype2 -I/usr/include/libpng16 -I/usr/include/freetype2 -I/usr/include/libpng16   -I/usr/include/freetype2 -I/usr/include/libpng16 -I/usr/include/freetype2 -I/usr/include/libpng16  conftest.c >&5
configure:8105: $? = 0
configure:8105: result: yes
configure:8108: checking for XRenderQueryVersion in -lXrender
configure:8133: gcc -o conftest -I/usr/include/freetype2 -I/usr/include/libpng16 -I/usr/include/freetype2 -I/usr/include/libpng16   -I/usr/include/freetype2 -I/usr/include/libpng16 -I/usr/include/freetype2 -I/usr/include/libpng16    conftest.c -lXrender  -lXcursor -lXfixes -lXext -lXft -lfontconfig -lXinerama -lpthread -ldl -lm  -lX11  >&5
configure:8133: $? = 0
configure:8142: result: yes
configure:8156: checking for X11/Xregion.h
configure:8156: gcc -c -I/usr/include/freetype2 -I/usr/include/libpng16 -I/usr/include/freetype2 -I/usr/include/libpng16   -I/usr/include/freetype2 -I/usr/include/libpng16 -I/usr/include/freetype2 -I/usr/include/libpng16  conftest.c >&5
configure:8156: $? = 0
configure:8156: result: yes
configure:8167: checking for xprop
configure:8185: found /usr/bin/xprop
configure:8197: result: /usr/bin/xprop
configure:8205: checking for X overlay visuals
configure:8220: result: no
configure:8367: checking if GCC supports -fno-exceptions
configure:8382: gcc -c -I/usr/include/freetype2 -I/usr/include/libpng16 -I/usr/include/freetype2 -I/usr/include/libpng16   -fno-exceptions -I/usr/include/freetype2 -I/usr/include/libpng16 -I/usr/include/freetype2 -I/usr/include/libpng16  conftest.c >&5
configure:8382: $? = 0
configure:8384: result: yes
configure:8394: checking if GCC supports -fno-strict-aliasing
configure:8409: gcc -c -I/usr/include/freetype2 -I/usr/include/libpng16 -I/usr/include/freetype2 -I/usr/include/libpng16   -fno-strict-aliasing -I/usr/include/freetype2 -I/usr/include/libpng16 -I/usr/include/freetype2 -I/usr/include/libpng16  conftest.c >&5
configure:8409: $? = 0
configure:8411: result: yes
configure:8421: checking if ld supports -no-undefined
configure:8436: gcc -o conftest -I/usr/include/freetype2 -I/usr/include/libpng16 -I/usr/include/freetype2 -I/usr/include/libpng16   -I/usr/include/freetype2 -I/usr/include/libpng16 -I/usr/include/freetype2 -I/usr/include/libpng16    -Wl,-no-undefined conftest.c -lXrender -lXcursor -lXfixes -lXext -lXft -lfontconfig -lXinerama -lpthread -ldl -lm  -lX11  >&5
configure:8436: $? = 0
configure:8438: result: yes
configure:8449: checking if ld supports -Bsymbolic-functions
configure:8464: gcc -o conftest -I/usr/include/freetype2 -I/usr/include/libpng16 -I/usr/include/freetype2 -I/usr/include/libpng16   -I/usr/include/freetype2 -I/usr/include/libpng16 -I/usr/include/freetype2 -I/usr/include/libpng16    -Wl,-Bsymbolic-functions conftest.c -lXrender -lXcursor -lXfixes -lXext -lXft -lfontconfig -lXinerama -lpthread -ldl -lm  -lX11  >&5
configure:8464: $? = 0
configure:8466: result: yes
configure:8477: checking if toolchain supports sections
configure:8494: gcc -o conftest -I/usr/include/freetype2 -I/usr/include/libpng16 -I/usr/include/freetype2 -I/usr/include/libpng16   -ffunction-sections -fdata-sections -I/usr/include/freetype2 -I/usr/include/libpng16 -I/usr/include/freetype2 -I/usr/include/libpng16    -Wl,-gc-sections conftest.c -lXrender -lXcursor -lXfixes -lXext -lXft -lfontconfig -lXinerama -lpthread -ldl -lm  -lX11  >&5
configure:8494: $? = 0
configure:8497: result: yes
configure:8901: creating ./config.status

## ---------------------- ##
## Running config.status. ##
## ---------------------- ##

This file was extended by config.status, which was
generated by GNU Autoconf 2.69.  Invocation command line was

  CONFIG_FILES    = 
  CONFIG_HEADERS  = 
  CONFIG_LINKS    = 
  CONFIG_COMMANDS = 
  $ ./config.status 

on myles-VirtualBox

config.status:940: creating makeinclude
config.status:940: creating fltk.list
config.status:940: creating fltk-config
config.status:940: creating fltk.spec
config.status:940: creating FL/Makefile
config.status:940: creating config.h
config.status:940: creating FL/abi-version.h

## ---------------- ##
## Cache variables. ##
## ---------------- ##

ac_cv_build=x86_64-pc-linux-gnu
ac_cv_c_bigendian=no
ac_cv_c_compiler_gnu=yes
ac_cv_c_long_long=yes
ac_cv_cxx_bool=yes
ac_cv_cxx_compiler_gnu=yes
ac_cv_cxx_scandir_posix=yes
ac_cv_env_CCC_set=
ac_cv_env_CCC_value=
ac_cv_env_CC_set=
ac_cv_env_CC_value=
ac_cv_env_CFLAGS_set=
ac_cv_env_CFLAGS_value=
ac_cv_env_CPPFLAGS_set=
ac_cv_env_CPPFLAGS_value=
ac_cv_env_CPP_set=
ac_cv_env_CPP_value=
ac_cv_env_CXXFLAGS_set=
ac_cv_env_CXXFLAGS_value=
ac_cv_env_CXX_set=
ac_cv_env_CXX_value=
ac_cv_env_LDFLAGS_set=
ac_cv_env_LDFLAGS_value=
ac_cv_env_LIBS_set=
ac_cv_env_LIBS_value=
ac_cv_env_XMKMF_set=
ac_cv_env_XMKMF_value=
ac_cv_env_build_alias_set=
ac_cv_env_build_alias_value=
ac_cv_env_host_alias_set=
ac_cv_env_host_alias_value=
ac_cv_env_target_alias_set=
ac_cv_env_target_alias_value=
ac_cv_func_connect=yes
ac_cv_func_gethostbyname=yes
ac_cv_func_localeconv=yes
ac_cv_func_remove=yes
ac_cv_func_shmat=yes
ac_cv_func_snprintf=yes
ac_cv_func_strcasecmp=yes
ac_cv_func_strlcat=no
ac_cv_func_strlcpy=no
ac_cv_func_vsnprintf=yes
ac_cv_have_overlay=no
ac_cv_have_x='have_x=yes	ac_x_includes='\'''\''	ac_x_libraries='\'''\'''
ac_cv_header_GL_gl_h=yes
ac_cv_header_GL_glu_h=yes
ac_cv_header_X11_Xcursor_Xcursor_h=yes
ac_cv_header_X11_Xft_Xft_h=yes
ac_cv_header_X11_Xregion_h=yes
ac_cv_header_X11_extensions_Xdbe_h=yes
ac_cv_header_X11_extensions_Xfixes_h=yes
ac_cv_header_X11_extensions_Xrender_h=yes
ac_cv_header_alsa_asoundlib_h=yes
ac_cv_header_dirent_dirent_h=yes
ac_cv_header_dlfcn_h=yes
ac_cv_header_inttypes_h=yes
ac_cv_header_libpng_png_h=yes
ac_cv_header_locale_h=yes
ac_cv_header_memory_h=yes
ac_cv_header_png_h=yes
ac_cv_header_pthread_h=yes
ac_cv_header_stdc=yes
ac_cv_header_stdint_h=yes
ac_cv_header_stdlib_h=yes
ac_cv_header_string_h=yes
ac_cv_header_strings_h=yes
ac_cv_header_sys_select_h=yes
ac_cv_header_sys_stat_h=yes
ac_cv_header_sys_stdtypes_h=no
ac_cv_header_sys_types_h=yes
ac_cv_header_unistd_h=yes
ac_cv_header_zlib_h=yes
ac_cv_host=x86_64-pc-linux-gnu
ac_cv_lib_GL_glXGetProcAddressARB=yes
ac_cv_lib_GL_glXMakeCurrent=yes
ac_cv_lib_ICE_IceConnectionNumber=yes
ac_cv_lib_Xcursor_XcursorImageCreate=yes
ac_cv_lib_Xext_XdbeQueryExtension=yes
ac_cv_lib_Xfixes_XFixesQueryExtension=yes
ac_cv_lib_Xft_XftDrawCreate=yes
ac_cv_lib_Xinerama_XineramaIsActive=yes
ac_cv_lib_Xrender_XRenderQueryVersion=yes
ac_cv_lib_fontconfig_FcPatternCreate=yes
ac_cv_lib_jpeg_jpeg_CreateCompress=no
ac_cv_lib_png_png_get_valid=yes
ac_cv_lib_png_png_read_info=yes
ac_cv_lib_png_png_set_tRNS_to_alpha=yes
ac_cv_lib_z_gzgets=yes
ac_cv_objext=o
ac_cv_path_EGREP='/bin/grep -E'
ac_cv_path_GREP=/bin/grep
ac_cv_path_NROFF=/usr/bin/nroff
ac_cv_path_PKGCONFIG=/usr/bin/pkg-config
ac_cv_path_XPROP=/usr/bin/xprop
ac_cv_path_ac_pt_AR=/usr/bin/ar
ac_cv_path_install='/usr/bin/install -c'
ac_cv_prog_CPP='gcc -E'
ac_cv_prog_ac_ct_CC=gcc
ac_cv_prog_ac_ct_CXX=g++
ac_cv_prog_ac_ct_RANLIB=ranlib
ac_cv_prog_cc_c89=
ac_cv_prog_cc_g=yes
ac_cv_prog_cxx_g=yes
ac_cv_search_dlopen='none required'
ac_cv_search_dlsym=-ldl
ac_cv_search_opendir='none required'
ac_cv_search_pow=-lm
ac_cv_sizeof_int=4
ac_cv_sizeof_long=8
ac_cv_sizeof_short=2
ac_cv_sys_file_offset_bits=no
ac_cv_sys_largefile_CC=no

## ----------------- ##
## Output variables. ##
## ----------------- ##

AR='/usr/bin/ar'
ARCHFLAGS=''
AUDIOLIBS='-lasound'
BINARY_DIR=''
CAIRODIR=''
CAIRODSONAME=''
CAIROFLAGS=''
CAIROLIBBASENAME='libfltk_cairo.a'
CAIROLIBNAME='../lib/libfltk_cairo.a'
CAIROLIBS=''
CAT1EXT='1'
CAT3EXT='3'
CAT6EXT='6'
CC='gcc'
CFLAGS='-I/usr/include/freetype2 -I/usr/include/libpng16 -I/usr/include/freetype2 -I/usr/include/libpng16  '
CPP='gcc -E'
CPPFLAGS='-I/usr/include/freetype2 -I/usr/include/libpng16 -I/usr/include/freetype2 -I/usr/include/libpng16 '
CXX='g++'
CXXFLAGS='-I/usr/include/freetype2 -I/usr/include/libpng16 -I/usr/include/freetype2 -I/usr/include/libpng16  '
DEFS='-DHAVE_CONFIG_H'
DOXYDOC=''
DSOCOMMAND='echo'
DSOFLAGS='  -Wl,-no-undefined -Wl,-Bsymbolic-functions -Wl,-gc-sections'
DSOLINK=''
DSONAME=''
ECHO_C=''
ECHO_N='-n'
ECHO_T=''
EGREP='/bin/grep -E'
EXEEXT=''
FLDSONAME=''
FLLIBBASENAME='libfltk_forms.a'
FLLIBNAME='../lib/libfltk_forms.a'
FLTKCAIROOPTION=''
FLUID='fluid'
FL_ABI_VERSION='1.3.0'
FL_DSO_VERSION='1.3'
FL_MAJOR_VERSION='1'
FL_MINOR_VERSION='3'
FL_PATCH_VERSION='5'
FL_VERSION='1.3.5'
FTCONFIG=''
GLDEMOS='gldemos'
GLDSONAME=''
GLLIB='-lGLU -lGL'
GLLIBBASENAME='libfltk_gl.a'
GLLIBNAME='../lib/libfltk_gl.a'
GREP='/bin/grep'
GROFF=''
HLINKS='#'
IMAGELIBS='-lpng -lz -lfltk_jpeg '
IMGDSONAME=''
IMGLIBBASENAME='libfltk_images.a'
IMGLIBNAME='../lib/libfltk_images.a'
INSTALL_DATA='${INSTALL} -m 644'
INSTALL_DESKTOP='install-linux'
INSTALL_PROGRAM='${INSTALL}'
INSTALL_SCRIPT='${INSTALL}'
JPEG='jpeg'
JPEGINC='-I../jpeg'
LARGEFILE='-D_LARGEFILE_SOURCE -D_LARGEFILE64_SOURCE'
LDFLAGS=' '
LIBBASENAME='libfltk.a'
LIBCOMMAND='/usr/bin/ar cr'
LIBEXT='.a'
LIBNAME='../lib/libfltk.a'
LIBOBJS=''
LIBS='-lXrender -lXcursor -lXfixes -lXext -lXft -lfontconfig -lXinerama -lpthread -ldl -lm  -lX11 '
LINKFLTK='../lib/libfltk.a'
LINKFLTKCAIRO=''
LINKFLTKFORMS='../lib/libfltk_forms.a'
LINKFLTKGL='../lib/libfltk_gl.a'
LINKFLTKIMG='../lib/libfltk_images.a'
LINKSHARED=' ../lib/libfltk_images.a ../lib/libfltk_forms.a ../lib/libfltk.a'
LTLIBOBJS=''
MAKEDEPEND='$(CXX) -M'
NROFF='/usr/bin/nroff'
OBJEXT='o'
OPTIM=' -Os -Wall -Wunused -Wno-format-y2k  -fno-exceptions -fno-strict-aliasing -ffunction-sections -fdata-sections'
OSX_ONLY=':'
PACKAGE_BUGREPORT=''
PACKAGE_NAME=''
PACKAGE_STRING=''
PACKAGE_TARNAME=''
PACKAGE_URL=''
PACKAGE_VERSION=''
PATH_SEPARATOR=':'
PKGCONFIG='/usr/bin/pkg-config'
PNG=''
PNGINC=''
PTHREAD_FLAGS='-D_THREAD_SAFE -D_REENTRANT'
RANLIB='ranlib'
RC=''
SHAREDSUFFIX=''
SHELL='/bin/bash'
STATICIMAGELIBS='-lpng -lz $libdir/libfltk_jpeg.a '
THREADS='threads'
UNINSTALL_DESKTOP='uninstall-linux'
USEMMFILES='No'
XMKMF=''
XPROP='/usr/bin/xprop'
X_CFLAGS=''
X_EXTRA_LIBS=''
X_LIBS=''
X_PRE_LIBS=' -lSM -lICE'
ZLIB=''
ZLIBINC=''
ac_ct_CC='gcc'
ac_ct_CXX='g++'
bindir='${exec_prefix}/bin'
build='x86_64-pc-linux-gnu'
build_alias=''
build_cpu='x86_64'
build_os='linux-gnu'
build_vendor='pc'
datadir='${datarootdir}'
datarootdir='${prefix}/share'
docdir='${datarootdir}/doc/${PACKAGE}'
dvidir='${docdir}'
exec_prefix='${prefix}'
host='x86_64-pc-linux-gnu'
host_alias=''
host_cpu='x86_64'
host_os='linux-gnu'
host_vendor='pc'
htmldir='${docdir}'
includedir='${prefix}/include'
infodir='${datarootdir}/info'
libdir='${exec_prefix}/lib'
libexecdir='${exec_prefix}/libexec'
localedir='${datarootdir}/locale'
localstatedir='${prefix}/var'
mandir='${datarootdir}/man'
oldincludedir='/usr/include'
pdfdir='${docdir}'
prefix='/usr/local'
program_transform_name='s,x,x,'
psdir='${docdir}'
runstatedir='${localstatedir}/run'
sbindir='${exec_prefix}/sbin'
sharedstatedir='${prefix}/com'
sysconfdir='${prefix}/etc'
target_alias=''

## ----------- ##
## confdefs.h. ##
## ----------- ##

/* confdefs.h */
#define PACKAGE_NAME ""
#define PACKAGE_TARNAME ""
#define PACKAGE_VERSION ""
#define PACKAGE_STRING ""
#define PACKAGE_BUGREPORT ""
#define PACKAGE_URL ""
#define STDC_HEADERS 1
#define HAVE_SYS_TYPES_H 1
#define HAVE_SYS_STAT_H 1
#define HAVE_STDLIB_H 1
#define HAVE_STRING_H 1
#define HAVE_MEMORY_H 1
#define HAVE_STRINGS_H 1
#define HAVE_INTTYPES_H 1
#define HAVE_STDINT_H 1
#define HAVE_UNISTD_H 1
#define SIZEOF_SHORT 2
#define SIZEOF_INT 4
#define SIZEOF_LONG 8
#define U16 unsigned short
#define U32 unsigned
#define U64 unsigned long
#define HAVE_DIRENT_H 1
#define HAVE_SYS_SELECT_H 1
#define HAVE_SCANDIR 1
#define HAVE_SCANDIR_POSIX 1
#define HAVE_VSNPRINTF 1
#define HAVE_SNPRINTF 1
#define HAVE_STRINGS_H 1
#define HAVE_STRCASECMP 1
#define HAVE_LOCALE_H 1
#define HAVE_LOCALECONV 1
#define HAVE_LONG_LONG 1
#define HAVE_DLSYM 1
#define HAVE_DLFCN_H 1
#define HAVE_ALSA_ASOUNDLIB_H 1
#define HAVE_LIBJPEG 1
#define HAVE_LIBZ 1
#define HAVE_PNG_H 1
#define HAVE_LIBPNG_PNG_H 1
#define HAVE_LIBPNG 1
#define HAVE_PNG_GET_VALID 1
#define HAVE_PNG_SET_TRNS_TO_ALPHA 1
#define HAVE_PTHREAD_H 1
#define HAVE_PTHREAD 1
#define HAVE_PTHREAD 1
#define USE_X11 1
#define HAVE_GL 1
#define HAVE_GLXGETPROCADDRESSARB 1
#define HAVE_GL_GLU_H 1
#define HAVE_XINERAMA 1
#define HAVE_LIBFONTCONFIG 1
#define USE_XFT 1
#define HAVE_XDBE 1
#define HAVE_XFIXES 1
#define HAVE_XCURSOR 1
#define HAVE_XRENDER 1
#define HAVE_X11_XREGION_H 1
#define FLTK_DOCDIR "/usr/local/share/doc/fltk"
#define FLTK_DATADIR "/usr/local/share/fltk"

configure: exit 0
